Der Buildvorgang wurde am 23.10.2014 08:51:39 gestartet.
     1>Projekt "C:\Users\sikreuze\Documents\Projekte\Coding Challenge\Sudoku\S4Sudoku\S5Sudoku\S5Sudoku.vcxproj" auf Knoten "2", build Ziel(e).
     1>InitializeBuildStatus:
         "Debug\S5Sudoku.unsuccessfulbuild" wird erstellt, da "AlwaysCreate" angegeben wurde.
       ClCompile:
         Alle Ausgaben sind aktuell.
         c:\Program Files (x86)\Microsoft Visual Studio 10.0\VC\bin\CL.exe /c /ZI /nologo /W3 /WX- /Od /Oy- /D WIN32 /D _DEBUG /D _CONSOLE /D _UNICODE /D UNICODE /Gm /EHsc /RTC1 /MDd /GS /fp:precise /Zc:wchar_t /Zc:forScope /Yu"StdAfx.h" /Fp"Debug\S5Sudoku.pch" /Fo"Debug\\" /Fd"Debug\vc100.pdb" /Gd /TP /analyze- /errorReport:prompt "sudoku-solver.cpp"
         sudoku-solver.cpp
       ManifestResourceCompile:
         Alle Ausgaben sind aktuell.
       Link:
         c:\Program Files (x86)\Microsoft Visual Studio 10.0\VC\bin\link.exe /ERRORREPORT:PROMPT /OUT:"C:\Users\sikreuze\Documents\Projekte\Coding Challenge\Sudoku\S4Sudoku\Debug\S5Sudoku.exe" /INCREMENTAL /NOLOGO kernel32.lib user32.lib gdi32.lib winspool.lib comdlg32.lib advapi32.lib shell32.lib ole32.lib oleaut32.lib uuid.lib odbc32.lib odbccp32.lib /MANIFEST /ManifestFile:"Debug\S5Sudoku.exe.intermediate.manifest" /MANIFESTUAC:"level='asInvoker' uiAccess='false'" /DEBUG /PDB:"C:\Users\sikreuze\Documents\Projekte\Coding Challenge\Sudoku\S4Sudoku\Debug\S5Sudoku.pdb" /SUBSYSTEM:CONSOLE /TLBID:1 /DYNAMICBASE /NXCOMPAT /IMPLIB:"C:\Users\sikreuze\Documents\Projekte\Coding Challenge\Sudoku\S4Sudoku\Debug\S5Sudoku.lib" /MACHINE:X86 Debug\S5Sudoku.exe.embed.manifest.res
         Debug\S5Sudoku.obj
         Debug\stdafx.obj
         "Debug\sudoku-logic.obj"
         "Debug\sudoku-solver.obj"
         "Debug\sudoku-types.obj"
         Debug\utils.obj
       Manifest:
         c:\Program Files (x86)\Microsoft SDKs\Windows\v7.0A\bin\mt.exe /nologo /verbose /out:"Debug\S5Sudoku.exe.embed.manifest" /manifest Debug\S5Sudoku.exe.intermediate.manifest
         Alle Ausgaben sind aktuell.
       LinkEmbedManifest:
         Alle Ausgaben sind aktuell.
         S5Sudoku.vcxproj -> C:\Users\sikreuze\Documents\Projekte\Coding Challenge\Sudoku\S4Sudoku\Debug\S5Sudoku.exe
       FinalizeBuildStatus:
         Die Datei "Debug\S5Sudoku.unsuccessfulbuild" wird gelöscht.
         Aktualisieren des Timestamps von "Debug\S5Sudoku.lastbuildstate".
     1>Die Erstellung des Projekts "C:\Users\sikreuze\Documents\Projekte\Coding Challenge\Sudoku\S4Sudoku\S5Sudoku\S5Sudoku.vcxproj" ist abgeschlossen, build Ziel(e).

Das Erstellen war erfolgreich.

Verstrichene Zeit 00:00:00.93
