C:\USERS\SIKREUZE\DOCUMENTS\PROJEKTE\CODING CHALLENGE\SUDOKU\S4SUDOKU\DEBUG\S5SUDOKU.EXE
C:\USERS\SIKREUZE\DOCUMENTS\PROJEKTE\CODING CHALLENGE\SUDOKU\S4SUDOKU\DEBUG\S5SUDOKU.ILK
C:\USERS\SIKREUZE\DOCUMENTS\PROJEKTE\CODING CHALLENGE\SUDOKU\S4SUDOKU\DEBUG\S5SUDOKU.PDB
C:\Users\sikreuze\Documents\Projekte\Coding Challenge\Sudoku\S4Sudoku\S5Sudoku\Debug\cl.command.1.tlog
C:\Users\sikreuze\Documents\Projekte\Coding Challenge\Sudoku\S4Sudoku\S5Sudoku\Debug\CL.read.1.tlog
C:\Users\sikreuze\Documents\Projekte\Coding Challenge\Sudoku\S4Sudoku\S5Sudoku\Debug\CL.write.1.tlog
C:\Users\sikreuze\Documents\Projekte\Coding Challenge\Sudoku\S4Sudoku\S5Sudoku\Debug\link.9716.read.1.tlog
C:\Users\sikreuze\Documents\Projekte\Coding Challenge\Sudoku\S4Sudoku\S5Sudoku\Debug\link.9716.write.1.tlog
C:\Users\sikreuze\Documents\Projekte\Coding Challenge\Sudoku\S4Sudoku\S5Sudoku\Debug\link.9716-cvtres.read.1.tlog
C:\Users\sikreuze\Documents\Projekte\Coding Challenge\Sudoku\S4Sudoku\S5Sudoku\Debug\link.9716-cvtres.write.1.tlog
C:\Users\sikreuze\Documents\Projekte\Coding Challenge\Sudoku\S4Sudoku\S5Sudoku\Debug\link.9748.read.1.tlog
C:\Users\sikreuze\Documents\Projekte\Coding Challenge\Sudoku\S4Sudoku\S5Sudoku\Debug\link.9748.write.1.tlog
C:\Users\sikreuze\Documents\Projekte\Coding Challenge\Sudoku\S4Sudoku\S5Sudoku\Debug\link.9748-cvtres.read.1.tlog
C:\Users\sikreuze\Documents\Projekte\Coding Challenge\Sudoku\S4Sudoku\S5Sudoku\Debug\link.9748-cvtres.write.1.tlog
C:\Users\sikreuze\Documents\Projekte\Coding Challenge\Sudoku\S4Sudoku\S5Sudoku\Debug\link.command.1.tlog
C:\Users\sikreuze\Documents\Projekte\Coding Challenge\Sudoku\S4Sudoku\S5Sudoku\Debug\link.read.1.tlog
C:\Users\sikreuze\Documents\Projekte\Coding Challenge\Sudoku\S4Sudoku\S5Sudoku\Debug\link.write.1.tlog
C:\Users\sikreuze\Documents\Projekte\Coding Challenge\Sudoku\S4Sudoku\S5Sudoku\Debug\link-cvtres.read.1.tlog
C:\Users\sikreuze\Documents\Projekte\Coding Challenge\Sudoku\S4Sudoku\S5Sudoku\Debug\link-cvtres.write.1.tlog
C:\Users\sikreuze\Documents\Projekte\Coding Challenge\Sudoku\S4Sudoku\S5Sudoku\Debug\mt.command.1.tlog
C:\Users\sikreuze\Documents\Projekte\Coding Challenge\Sudoku\S4Sudoku\S5Sudoku\Debug\mt.read.1.tlog
C:\Users\sikreuze\Documents\Projekte\Coding Challenge\Sudoku\S4Sudoku\S5Sudoku\Debug\mt.write.1.tlog
C:\Users\sikreuze\Documents\Projekte\Coding Challenge\Sudoku\S4Sudoku\S5Sudoku\Debug\rc.command.1.tlog
C:\Users\sikreuze\Documents\Projekte\Coding Challenge\Sudoku\S4Sudoku\S5Sudoku\Debug\rc.read.1.tlog
C:\Users\sikreuze\Documents\Projekte\Coding Challenge\Sudoku\S4Sudoku\S5Sudoku\Debug\rc.write.1.tlog
C:\USERS\SIKREUZE\DOCUMENTS\PROJEKTE\CODING CHALLENGE\SUDOKU\S4SUDOKU\S5SUDOKU\DEBUG\S5SUDOKU.EXE.EMBED.MANIFEST
C:\USERS\SIKREUZE\DOCUMENTS\PROJEKTE\CODING CHALLENGE\SUDOKU\S4SUDOKU\S5SUDOKU\DEBUG\S5SUDOKU.EXE.EMBED.MANIFEST.RES
C:\USERS\SIKREUZE\DOCUMENTS\PROJEKTE\CODING CHALLENGE\SUDOKU\S4SUDOKU\S5SUDOKU\DEBUG\S5SUDOKU.EXE.INTERMEDIATE.MANIFEST
C:\USERS\SIKREUZE\DOCUMENTS\PROJEKTE\CODING CHALLENGE\SUDOKU\S4SUDOKU\S5SUDOKU\DEBUG\S5SUDOKU.OBJ
C:\USERS\SIKREUZE\DOCUMENTS\PROJEKTE\CODING CHALLENGE\SUDOKU\S4SUDOKU\S5SUDOKU\DEBUG\S5SUDOKU.PCH
C:\Users\sikreuze\Documents\Projekte\Coding Challenge\Sudoku\S4Sudoku\S5Sudoku\Debug\S5Sudoku.vcxprojResolveAssemblyReference.cache
C:\Users\sikreuze\Documents\Projekte\Coding Challenge\Sudoku\S4Sudoku\S5Sudoku\Debug\S5Sudoku.write.1.tlog
C:\Users\sikreuze\Documents\Projekte\Coding Challenge\Sudoku\S4Sudoku\S5Sudoku\Debug\S5Sudoku_manifest.rc
C:\USERS\SIKREUZE\DOCUMENTS\PROJEKTE\CODING CHALLENGE\SUDOKU\S4SUDOKU\S5SUDOKU\DEBUG\STDAFX.OBJ
C:\USERS\SIKREUZE\DOCUMENTS\PROJEKTE\CODING CHALLENGE\SUDOKU\S4SUDOKU\S5SUDOKU\DEBUG\SUDOKU-LOGIC.OBJ
C:\USERS\SIKREUZE\DOCUMENTS\PROJEKTE\CODING CHALLENGE\SUDOKU\S4SUDOKU\S5SUDOKU\DEBUG\SUDOKU-SOLVER.OBJ
C:\USERS\SIKREUZE\DOCUMENTS\PROJEKTE\CODING CHALLENGE\SUDOKU\S4SUDOKU\S5SUDOKU\DEBUG\SUDOKU-TYPES.OBJ
C:\USERS\SIKREUZE\DOCUMENTS\PROJEKTE\CODING CHALLENGE\SUDOKU\S4SUDOKU\S5SUDOKU\DEBUG\UTILS.OBJ
C:\Users\sikreuze\Documents\Projekte\Coding Challenge\Sudoku\S4Sudoku\S5Sudoku\Debug\vc100.idb
C:\USERS\SIKREUZE\DOCUMENTS\PROJEKTE\CODING CHALLENGE\SUDOKU\S4SUDOKU\S5SUDOKU\DEBUG\VC100.PDB
