Der Buildvorgang wurde am 23.10.2014 13:19:49 gestartet.
     1>Projekt "C:\Users\sikreuze\Documents\Projekte\Coding Challenge\Sudoku\S4Sudoku\S5Sudoku\S5Sudoku.vcxproj" auf Knoten "2", build Ziel(e).
     1>InitializeBuildStatus:
         Aktualisieren des Timestamps von "Release\S5Sudoku.unsuccessfulbuild".
       ClCompile:
         Alle Ausgaben sind aktuell.
         c:\Program Files (x86)\Microsoft Visual Studio 10.0\VC\bin\CL.exe /c /Zi /nologo /W3 /WX- /Ox /Ob2 /Oi /Ot /Oy- /GL /D WIN32 /D NDEBUG /D _CONSOLE /D _UNICODE /D UNICODE /Gm- /EHsc /MT /GS /Gy /fp:precise /Zc:wchar_t /Zc:forScope /Yu"StdAfx.h" /Fp"Release\S5Sudoku.pch" /Fo"Release\\" /Fd"Release\vc100.pdb" /Gd /TP /analyze- /errorReport:prompt "sudoku-solver.cpp"
         sudoku-solver.cpp
       Link:
         c:\Program Files (x86)\Microsoft Visual Studio 10.0\VC\bin\link.exe /ERRORREPORT:PROMPT /OUT:"C:\Users\sikreuze\Documents\Projekte\Coding Challenge\Sudoku\S4Sudoku\Release\S5Sudoku.exe" /INCREMENTAL:NO /NOLOGO kernel32.lib user32.lib gdi32.lib winspool.lib comdlg32.lib advapi32.lib shell32.lib ole32.lib oleaut32.lib uuid.lib odbc32.lib odbccp32.lib /MANIFEST /ManifestFile:"Release\S5Sudoku.exe.intermediate.manifest" /MANIFESTUAC:"level='asInvoker' uiAccess='false'" /DEBUG /PDB:"C:\Users\sikreuze\Documents\Projekte\Coding Challenge\Sudoku\S4Sudoku\Release\S5Sudoku.pdb" /SUBSYSTEM:CONSOLE /OPT:REF /OPT:ICF /LTCG /TLBID:1 /DYNAMICBASE /NXCOMPAT /IMPLIB:"C:\Users\sikreuze\Documents\Projekte\Coding Challenge\Sudoku\S4Sudoku\Release\S5Sudoku.lib" /MACHINE:X86 Release\S5Sudoku.obj
         Release\stdafx.obj
         "Release\sudoku-logic.obj"
         "Release\sudoku-solver.obj"
         "Release\sudoku-types.obj"
         Release\utils.obj
         Code wird generiert.
         Codegenerierung ist abgeschlossen.
         S5Sudoku.vcxproj -> C:\Users\sikreuze\Documents\Projekte\Coding Challenge\Sudoku\S4Sudoku\Release\S5Sudoku.exe
       Manifest:
         c:\Program Files (x86)\Microsoft SDKs\Windows\v7.0A\bin\mt.exe /nologo /verbose /outputresource:"C:\Users\sikreuze\Documents\Projekte\Coding Challenge\Sudoku\S4Sudoku\Release\S5Sudoku.exe;#1" /manifest Release\S5Sudoku.exe.intermediate.manifest
       FinalizeBuildStatus:
         Die Datei "Release\S5Sudoku.unsuccessfulbuild" wird gelöscht.
         Aktualisieren des Timestamps von "Release\S5Sudoku.lastbuildstate".
     1>Die Erstellung des Projekts "C:\Users\sikreuze\Documents\Projekte\Coding Challenge\Sudoku\S4Sudoku\S5Sudoku\S5Sudoku.vcxproj" ist abgeschlossen, build Ziel(e).

Das Erstellen war erfolgreich.

Verstrichene Zeit 00:00:00.85
